0 verbose cli C:\Program Files\nodejs\node.exe C:\Program Files\nodejs\node_modules\npm\bin\npm-cli.js
1 info using npm@10.9.2
2 info using node@v22.14.0
3 silly config load:file:C:\Program Files\nodejs\node_modules\npm\npmrc
4 silly config load:file:C:\Users\POWER USER\Desktop\flood-relief-system\.npmrc
5 silly config load:file:C:\Users\POWER USER\.npmrc
6 silly config load:file:C:\Users\POWER USER\AppData\Roaming\npm\etc\npmrc
7 verbose title npm create vite@latest frontend react
8 verbose argv "create" "vite@latest" "frontend" "--template" "react"
9 verbose logfile logs-max:10 dir:C:\Users\POWER USER\Desktop\flood-relief-system\.npm-cache\_logs\2025-12-16T09_29_40_967Z-
10 verbose logfile C:\Users\POWER USER\Desktop\flood-relief-system\.npm-cache\_logs\2025-12-16T09_29_40_967Z-debug-0.log
11 silly logfile done cleaning log files
12 silly packumentCache heap:2197815296 maxSize:549453824 maxEntrySize:274726912
13 http fetch GET 200 https://registry.npmjs.org/create-vite 674ms (cache miss)
14 silly packumentCache heap:2197815296 maxSize:549453824 maxEntrySize:274726912
15 http fetch GET 200 https://registry.npmjs.org/npm 849ms
16 silly idealTree buildDeps
17 silly fetch manifest create-vite@8.2.0
18 silly packumentCache full:https://registry.npmjs.org/create-vite cache-miss
19 http fetch GET 200 https://registry.npmjs.org/create-vite 212ms (cache miss)
20 silly packumentCache full:https://registry.npmjs.org/create-vite set size:undefined disposed:false
21 silly placeDep ROOT create-vite@8.2.0 OK for:  want: 8.2.0
22 silly reify moves {}
23 silly audit bulk request { 'create-vite': [ '8.2.0' ] }
24 http cache create-vite@https://registry.npmjs.org/create-vite/-/create-vite-8.2.0.tgz 0ms (cache hit)
25 silly tarball no local data for create-vite@https://registry.npmjs.org/create-vite/-/create-vite-8.2.0.tgz. Extracting by manifest.
26 http fetch POST 200 https://registry.npmjs.org/-/npm/v1/security/advisories/bulk 353ms
27 silly audit report {}
28 http fetch GET 200 https://registry.npmjs.org/create-vite/-/create-vite-8.2.0.tgz 508ms (cache miss)
